New Connection: 4cc_oiKoleYTW7dlAAAA
New Connection: 7qEeTI_vnAiNRIHcAAAB
New Connection: TQQTQ1orQCYaL0o_AAAC
New Connection: R1GKp1mKCBcD94rtAAAD
New Connection: pQ2gDjaUb6cT8kzcAAAE
New Connection: Awpa6g9f4aQzeft6AAAF
New Connection: KC9JXCFE4AC5iPA_AAAG
New Connection: nf7I3dZhVc0oRJGeAAAH
New Connection: tm1gPrMf8H_vgQdfAAAI
New Connection: LOuV_4acqI-fU3mdAAAJ
New Connection: lNxXAnNxG48HV20PAAAK
New Connection: PlXyY7db1V1_NjSoAAAL
New Connection: C9RDL1FvFm1B3Ac1AAAM
New Connection: bOh_ol_3WT_YkJn2AAAN
New Connection: _XCvJ2IeGQ9LsbrGAAAO
New Connection: Otc2fcAP2DmgHhENAAAP
New Connection: U0SEgIPJ95sRHV3mAAAQ
New Connection: Eo7yfwV58Pp_zqykAAAR
New Connection: 2whN8xi-ZVfIpNhKAAAS
New Connection: TzjsTSfVYxv7GIQ8AAAT
New Connection: gMuABYAIPdrRUh22AAAU
New Connection: Yp6e83NGIY13io68AAAV
New Connection: 8cu4nz45227JhynXAAAW
New Connection: j4E6OhvBF38zw_x-AAAX
New Connection: xdeJA0f2blg6WbF-AAAY
New Connection: qk2rPQhRVVUizP1cAAAZ
New Connection: T13N5IPc0g4R8VN3AAAa
New Connection: 3sKbaf4TPMQy_UQYAAAb
New Connection: UrymEHVKqBSZR1puAAAc
New Connection: gEs13q_jJ5IypL1HAAAd
New Connection: FVudCRHvElbebwQCAAAe
New Connection: 44iUvgJhZBRD-QZNAAAA
New Connection: 0yWY44oumfHKfwFfAAAB
New Connection: oasc8mZLLwzWWN5IAAAC
New Connection: fQ_vojhXxlzUSBN2AAAD
New Connection: uU1DrG7UmFTSJowEAAAE
New Connection: AhQ6TNbgN7INZrxmAAAF
New Connection: dNLvVRRG8c3clQ7NAAAG
New Connection: zOsKEZ8m_dzwJ6R-AAAH
New Connection: k2gAzHUbYyidgMrnAAAI
New Connection: PB2tYrTkufPwBereAAAJ
New Connection: HEThAV47JLqAvDTNAAAK
New Connection: HVNmqbgCgILI6uh-AAAL
New Connection: jbvqjkSZfH48R2HmAAAM
New Connection: QA1zAd-XpL1spAfQAAAN
New Connection: B7sH_c67dpi-BhVrAAAO
New Connection: K0B8wFLOuG0YK-yOAAAP
New Connection: qamzC82oD1NqSX6DAAAQ
New Connection: 2_jRH9X2TaVDdHT_AAAR
New Connection: 7HFJpTPZnA6M1qFsAAAS
New Connection: 9tVtekcXN3TsOWswAAAT
New Connection: 5s52nJRXShO4AwcjAAAU
New Connection: LZHDUobSdTxxac27AAAV
New Connection: CUXapzmJFTO1qhTNAAAW
New Connection: lZeV_svZSS9tv5bVAAAX
New Connection: 3_eMGBJgvgYSwqk8AAAY
New Connection: HT5mlAIzkgv9raJgAAAZ
New Connection: G2libu8rEMhZnprjAAAa
New Connection: QO271baal3cHSuspAAAb
New Connection: _gTB7Cy30k9j3Q42AAAc
New Connection: 0PjXLMO5AgKpiVP0AAAd
New Connection: jDv2vjIXB7wkkJppAAAe
New Connection: fT08jdkg21y7-fbhAAAf
New Connection: xp8Kdz1Wj6nf0SicAAAg
New Connection: QyYzYW24dWcw34b5AAAh
New Connection: wBLatFzx5zI7w0HHAAAi
New Connection: uv1aUQNEDDTGKROPAAAj
New Connection: FULk-kHXafAezZ6nAAAk
New Connection: 5OATKs3ZD4VqJP-TAAAl
New Connection: OkYiUd89Ef--tgRRAAAm
New Connection: vxSzRjCW2fYBVO8NAAAn
New Connection: aNXcS_LsReS9VYAgAAAo
New Connection: CvnhYYqyRC-DJasdAAAp
New Connection: RKIAP6uvu16tk7bkAAAq
New Connection: 9RVPqAAf_kzc4bH8AAAr
New Connection: tlFy8iIjvIv2tQQuAAAs
New Connection: x9DjqRhY4OoLAFEHAAAt
New Connection: 3ppLjMuKn6VQZV2sAAAu
New Connection: CO39Jcf8OupBD6U_AAAv
New Connection: uY853gFR6n4JDyNZAAAw
New Connection: rqw4XJNz-2HQY7NoAAAx
New Connection: eFskz9ghzPGiPReQAAAy
New Connection: n6O9oONuU4rNXeUmAAAz
New Connection: tdzOwxpRJfvQ3IUbAAA0
New Connection: xYAyLFE6DF6vlhGdAAA1
New Connection: ZsHQCk5Xl5OyMaCAAAA2
New Connection: 2wpA39JabZu3F49KAAA3
New Connection: XfLqrtGy9zNKv0FdAAA4
New Connection: SrpTIY99l7JokWIiAAA5
New Connection: nrzyQJCfa0rexGNYAAA6
New Connection: p06bnhVsjbECbAVbAAA7
New Connection: 55o76yA_P-3x21lsAAA8
New Connection: odAlEYwaVdjUuDZGAAA9
New Connection: JDqkjaX0CsVNZvdvAAA-
New Connection: tw1cukp9dFAASkvmAAA_
New Connection: iXYBrCBHXzjeknGdAABA
New Connection: 7L9sitWAES_8snZnAABB
New Connection: AZbNKk1jR8G1hRQAAABC
New Connection: QPBmZZPlqKFCPt8TAABD
New Connection: s1ZcBHBGS7rJurDaAABE
New Connection: SeKDboa63TFXb2G2AABF
New Connection: -lx5rkdpCqFsDGHeAABG
New Connection: yDii9h2rwPW7tvEuAABH
New Connection: 18Sw7At6ktDQI14tAABI
New Connection: WnulINrmrgYZk37CAABJ
New Connection: urnJnMSL7GB-XWVRAABK
New Connection: eOWTPbdCiDkO6IeLAABL
New Connection: sGOiTuSnKg2K4wNwAABM
New Connection: OGY1pqvKXsxs4dW8AABN
New Connection: bEic6jG-rBBxxWylAABO
New Connection: aJ-uXT-bnEPy_NIJAABP
New Connection: EwnHbhGXY3U8y6XhAABQ
New Connection: VhJCggE305S2cUU_AABR
New Connection: Uolb-LJiOg2WWNe_AABS
New Connection: LxANr0o5XGkIGtzTAABT
New Connection: WKhHO502uyfl9pRqAABU
New Connection: ARMD0U4qLutvhPAbAABV
New Connection: a0ba5QS1K_KRi_7fAABW
New Connection: K5q-DTAzc_R0nuk4AABX
New Connection: _g4Ih_NjbDUE-ja7AABY
New Connection: MI7C-uIZd5vkOsYdAABZ
New Connection: C_dq3xk7H6GXJh0KAAAA
New Connection: PGu2xlB3RTnI0N2PAAAB
New Connection: qVGRLgIY9VNY9Ec_AAAC
New Connection: TA1CDSUAQLZ_NIp6AAAD
New Connection: Q-Y634VBtxneqeAGAAAE
New Connection: eDGStJQa1pkomtjjAAAF
New Connection: 4vq1PQQc9x_tfpqzAAAG
New Connection: BYEE544v4Z676exgAAAA
New Connection: KI95yNZUMkYsXLHFAAAB
New Connection: pozC33EsWbibn9vzAAAC
New Connection: SEYNpbNUsCWx2hJqAAAD
New Connection: NHrnUwiM1XaYxQAdAAAE
New Connection: VUiZP2ttxhTPMTi7AAAF
New Connection: k49K7JnS9p7uv7yxAAAG
New Connection: gXpZerSRRsY4rc2hAAAH
New Connection: iopz6HnLRdsXzBoSAAAI
New Connection: bL_SbkuJLi9FLrNyAAAJ
New Connection: mRrCiMyfaSqWPDJ7AAAK
New Connection: ImfYHj7fHq6hK3cIAAAL
New Connection: uYqJZiCqEexASemQAAAM
New Connection: kPI9VbbpXHjqT-HkAAAN
New Connection: ZZM2OD-8JxIB8FwgAAAO
New Connection: NBTxrUDiI1jY-EPvAAAP
New Connection: SxBSwsWc2wrHJhowAAAQ
New Connection: eIXHh0_TzYkbSR_LAAAR
New Connection: Qj8931LnPO2yxgBfAAAA
New Connection: SMEUM1WyL2qk-hrDAAAB
New Connection: eJfMIMvfrLqu1FpJAAAC
New Connection: VRptyZnysRw9PRe-AAAD
New Connection: jUjgwjVQ9Bq3S2UZAAAE
New Connection: CR3edN4mxiXweH30AAAF
New Connection: 5QbzxpKuwBFHbXqhAAAG
New Connection: 6i67xsoysuAgm5PjAAAH
New Connection: WniPeIBsFAZNe2YwAAAI
New Connection: 9e0Wrx90JbHG1i7DAAAJ
New Connection: HmcJSGz8w24i0sKgAAAK
New Connection: YsRvsPlQ0CqfLxCFAAAL
New Connection: ntaF2QPxa0D4mZO1AAAM
New Connection: biEVzmrK3qfDMR56AAAN
New Connection: T6t6X6bvoRSoa3gZAAAO
New Connection: fOElg5RqxTVGOAMnAAAA
New Connection: snQIysEXXRsHFMyeAAAB
New Connection: BkJSeeF4aFafcaXeAAAC
New Connection: pHX3xfJFvC7E4rwOAAAD
New Connection: Xr-odkypFwimoxCFAAAE
New Connection: IhRJe6Km1EXqc2OzAAAF
New Connection: 07DjztcP8ZE4OGQaAAAG
New Connection: ODxQmNuIo_iY1fGtAAAH
New Connection: LczlE10eBzEmzYAYAAAI
New Connection: kaI3EiD2XJzdDenCAAAJ
New Connection: iwENdvVXjKFKdKgNAAAK
New Connection: 4K5RkHXZcb1RzCr5AAAL
New Connection: bzeheNavJkFrgIzwAAAM
New Connection: Ior36SCR_RPEJeXMAAAN
New Connection: x4qfO7J_wnU_TcdbAAAO
New Connection: t2mKytdn-RG-n3lFAAAP
New Connection: XTXdGRz04s_Ou-JbAAAQ
New Connection: 9D5zvJXSWfeyx1G3AAAR
New Connection: G4wqZe-x322T9-1gAAAS
New Connection: UCkw8cgx4gqgS-W1AAAT
New Connection: eTvQsEwSHOFKJcsgAAAU
New Connection: zLWLogH3boEt-uP0AAAV
New Connection: n-E9wrdXnJFN9cP6AAAW
New Connection: 9uEibX1WzcO1iQ9nAAAX
New Connection: n8wN43BndHmatXh3AAAY
New Connection: CYiyVEFs-kMU2-6zAAAZ
New Connection: u2u0OrX_Qwg1SV9XAAAa
New Connection: lmGZw5JoIGV0s_ofAAAb
New Connection: uleRi7wiwLrHoy2ZAAAc
New Connection: 33rvCFqg1gb9R2taAAAd
New Connection: 6gJbgwav4gUcLf7oAAAe
New Connection: dipw4wEMVS3WHbLHAAAf
New Connection: I9MvCqFJHB6KV7KCAAAg
New Connection: rCIxDswqs3IMBKwRAAAh
New Connection: 0jh-0ar2q7SA1o5rAAAi
New Connection: Lu9-VMfWLGI6LwxJAAAj
New Connection: nWKQTWzGlx-p4piQAAAk
New Connection: SfUzG4qEXXOXU4E8AAAl
New Connection: DFamei9c14h3hwR4AAAm
New Connection: ATAxDgL8oFizcqX0AAAn
New Connection: O28sldWtMxa4vffVAAAo
New Connection: VE0nsZrK60q9TnuyAAAp
New Connection: iCndNDEjbiwn6-SHAAAq
New Connection: AOQfMjM5WeF2C4UXAAAr
New Connection: idOrZvbbPC-ENEHuAAAs
New Connection: JynEYPDRt7VKrFOEAAAt
New Connection: oDlf2ElLYz0-fVPqAAAu
New Connection: hMhkKglrJ6uBvfmEAAAv
New Connection: Ny2U7yyjHMt5TiYyAAAw
New Connection: FpCXTpGzUHHY9aTXAAAx
New Connection: PV5B71cAD1f_nruIAAAy
New Connection: qvppRpYdRlIMPPlcAAAz
New Connection: 3ZnYbL_4pJkXH3okAAA0
New Connection: VIzqzrak5vqZbeAiAAA1
New Connection: AOlHjSrZmEmqK2kDAAA2
New Connection: zDy4bhiVnh8rBxvxAAA3
New Connection: QsleJMZffeCgM9nRAAA4
New Connection: ageHBwdfjBH8YMANAAA5
New Connection: 9tlaI9GVC6iGue47AAA6
New Connection: 4mhNlmBdmeqBTRY7AAA7
New Connection: Yds-P8h63WO15Y2MAAA8
New Connection: d4QlMK69CvmCoSVEAAA9
New Connection: DQx08vkVZsb68PtXAAA-
New Connection: qtmweLFrqo-Q3buKAAA_
New Connection: IOdhlQxJzCwYLVfqAABA
New Connection: QshnILGH4dO8yimSAABB
New Connection: kdaDi8INKdLhfUqlAABC
New Connection: 7Fx2EwPIo3JRhYRjAABD
New Connection: fy3CQchAw7UW6RKJAABE
New Connection: 2MikBnjGyRbDWOdCAABF
New Connection: jaZAs4pdsb0Ga_dmAABG
New Connection: A-MTpq4Y4LW3xmJIAABH
New Connection: wXm017jEHPpEV6rLAABI
New Connection: oQR259BUd_SkjsjyAABJ
New Connection: jxdQ2SjLyTs-Oi9CAABK
New Connection: LaLaSVrjZErKKsMoAABL
New Connection: BE1XH7Y3Xh1zr1F4AABM
New Connection: Q-5BgMzxQC_x8uvNAABN
New Connection: vTsZ7kngtqU9ikW3AABO
New Connection: s8vpwBgByvE00MTYAABP
New Connection: xJxffIanCgglX4bTAABQ
New Connection: L5CuEktYyT6Sp-OAAABR
New Connection: MGusVNohf9Y4CQWbAABS
New Connection: nUaBnIVB7VE8lKqrAABT
New Connection: 9LnhHJWiHnUnMBQxAABU
New Connection: IIb9SBI_qScaM7sQAABV
New Connection: IoLR9ufEY0TorHGqAABW
New Connection: qyvuWXYDlWTERO6SAABX
New Connection: Jjemn1c4JovZbdinAABY
New Connection: 5vi9MFgyglwOhlXBAABZ
New Connection: 5UmnQAyDtsb5NZVsAABa
New Connection: n_jDZDCgr4xKa5UfAABb
New Connection: -ADtyh09wSNRwnoYAABc
New Connection: lTN8n9YqhdQYvIwLAABd
New Connection: b8QvSSOB6Cek6L_8AABe
New Connection: szwN9rhESRsggM0lAABf
New Connection: hih3OwP4pVryiBVsAABg
New Connection: WrFYPTE0W96_VhijAABh
New Connection: Q8ge5bWLCtWTtBOsAABi
New Connection: dWNHocz-ox9z8uBwAABj
New Connection: GPXRisFliksVSupbAABk
New Connection: MmX0iUJz-ZC0SC6cAABl
New Connection: C7HKCP5epIrG0aMRAABm
New Connection: tMFufrGuJO3QOsOhAABn
New Connection: lYpMNtE8_UQu--_0AABo
New Connection: QRcTMjo5NjGRn_eaAABp
New Connection: eCiAFq4ZdvpZOdOIAABq
New Connection: wkTIvOUg6sJqKyEQAABr
New Connection: owHipSp0E-mD7j1lAABs
New Connection: yG2rUVzTH9cEGdvcAABt
New Connection: HApahCBX2XcI4V8HAABu
New Connection: zd6DunqPQ5ZSBY1SAABv
New Connection: 89ukTaXNXOLm_n1_AABw
New Connection: FxFXCzBHtoK6hVbuAABx
New Connection: wUYFiPWg_g0XxrGYAABy
New Connection: ib9FBIA8eP1iIaz1AABz
New Connection: O47x2dUo9yA00sDzAAB0
New Connection: EHFNfOYqg1BPwgdbAAB1
New Connection: oAHxHOpeX_6SWvMmAAB2
New Connection: pSw4tM1KLNBO8nUdAAB3
New Connection: JLaNXxEV8sjsc6VbAAB4
New Connection: THX6RJX8DiBdLqtYAAB5
New Connection: R84RcAIWLAz1eyFZAAB6
New Connection: NRa4zHkcmteT77GiAAB7
New Connection: d6ZBruFxdWGo9T7CAAB8
New Connection: eaqdRegWLHV-lkcIAAB9
New Connection: 0CWxNN7lhZKaYQR4AAB-
New Connection: zPhZjvElYLzj6GFFAAB_
New Connection: eWBB_LwpcMNVD9zHAACA
New Connection: 9ic9QgMhGBua-I9nAACB
New Connection: AXbnvkE6SK8ChLbCAACC
New Connection: fldH38RnfAxkr_25AACD
New Connection: 4zz6t98tBt5VLOZnAACE
New Connection: lDvwD5bGytiI4ZLaAACF
New Connection: YVFZ8c5_qfpbqgFpAACG
New Connection: 2_NQKkib7Lg_mJGEAACH
New Connection: iihE1jJRpRQtGkLSAACI
New Connection: UoYoaolsygw-ZtUDAACJ
New Connection: AGGzpjoQzoOPfaGmAACK
New Connection: ssxoer0mjqmrDejQAACL
New Connection: 5mC5RqGyB_OWAZN-AACM
New Connection: RqJQhKaZfUJjzxOjAACN
New Connection: XyDsYVgATwBpy0fbAACO
New Connection: d9xZt0QLzwvKVDqSAACP
New Connection: Do8P8t0Ck6XDgDxeAACQ
New Connection: sJYqgjg-d_-f_q8-AACR
New Connection: S3lY2ABOXZgqQNZWAACS
New Connection: Z6PvKJgjBGUYlj-FAACT
New Connection: J2FdcfkVw45Wh0WqAACU
New Connection: UM5L1bM94zzTej7DAACV
New Connection: JKf2aETZrCy-FCLyAACW
New Connection: VZ_SFOY-LU7w-2xIAACX
New Connection: 3i7s5nnYxIys9y4UAACY
New Connection: 1x-PGKKU2jpQ7YLZAACZ
New Connection: spVtUSSs3xIwovAmAACa
New Connection: m4R2VmnxjlF7EzylAACb
New Connection: LvAXcnhXkrNT60T1AACc
New Connection: HWCudSRNqUBOye-CAACd
New Connection: LL_OcoNaKr3zFk5fAACe
New Connection: _H0MLKNymPTYZ8f6AACf
New Connection: nPsenG2IDjNjyHj6AACg
New Connection: pfGYWVktelJa8RuBAACh
New Connection: eE3O5WOYb4bvAxq6AACi
New Connection: DvSO_kKtOPrluiqCAACj
New Connection: S0F6SyaLRXBx3-GHAACk
New Connection: ACtuoEQt6vsXQ4MMAACl
New Connection: yZRVDGUu0EnJSLwYAACm
New Connection: cfWeXrYLZqhsrEIDAACn
New Connection: qgoxgljkuAy209eAAACo
New Connection: ZSOoUUjT92970p0bAACp
New Connection: UUx3l4x5YALOjyRFAACq
New Connection: IfeNNYDRahwh43MzAACr
New Connection: IGF5wyX-w9XyZPH0AACs
New Connection: tmJuCWqyKQl4lk1xAACt
New Connection: MOxP0wUh2O_9ok7mAACu
New Connection: gfEWrwEbfJnAUEDJAACv
New Connection: Iuad-BUPHTW4gd5cAACw
New Connection: ikVQz-SvtI66bVztAACx
New Connection: PEmFdm4R_wimZyi2AACy
New Connection: Kr1Vqv4CkeY8Or4AAACz
New Connection: wQlKEIhya74KjgThAAC0
New Connection: pkd0Yh2aDUkrsfOAAAC1
New Connection: WZOFljJrRlCDT-gNAAC2
New Connection: yvXW6SQtKY4Ajm9qAAC3
New Connection: hu1UbgdUqQIvqpvKAAC4
New Connection: WDce5mPNBCfXpKWCAAC5
New Connection: HV7xaVaxYbopAxrwAAC6
New Connection: -UK2WU7gfEwf8MJ_AAC7
New Connection: rpFxEPqQHG8xWUssAAC8
New Connection: ifew3zPlWAEJvce6AAC9
New Connection: cHH9tSuuv7UewVMYAAC-
New Connection: QsQkWbRQZVQlPh0eAAC_
New Connection: 5d2sz_DAcvT76oXoAADA
New Connection: pu_m_Pxj_yeqz1cQAADB
New Connection: xij32Xx0Z3Fuo0QFAADC
New Connection: 5SEahmeIoEc8sw9aAADD
New Connection: D1nUPu1tpYkcUGfrAADE
New Connection: g_OsgRfQcW95-l1iAADF
New Connection: 3lxdp2OyJrlmlNxFAADG
New Connection: i_ddrtNJ8H4NvVPjAADH
New Connection: dNHT4l2qBsHzbgTdAADI
New Connection: e5zdgQLE-eoeMuvSAADJ
New Connection: x3hTTb47owVRXTcIAADK
New Connection: feWFT_nauF686E8GAADL
New Connection: tkci_LtKAFResSGoAADM
New Connection: u_f01AXSRasr__P1AADN
New Connection: hZykYqWFnKBnY-blAADO
New Connection: d3t-F9e47bdToeh5AADP
New Connection: aTlduvAtRHndRbhkAADQ
New Connection: t9RAAcdnvIygMMgcAADR
New Connection: 4b0tZh1fjN46JSy3AADS
New Connection: To-hTRXtkorgOmEIAADT
New Connection: iB63IAdMK6DBhn9GAADU
New Connection: QAeMtE6DwkMtuNkxAADV
New Connection: 3-cz0lPsma9QhQ7yAADW
New Connection: 5mDYvF3tnpMDKel1AADX
New Connection: Dymcn_MubqgIiCwJAADY
New Connection: tHR01ljdaqlR_sknAADZ
New Connection: FH56hKTh8kKvVVkDAADa
New Connection: VlUqtjtMGiNHoQokAADb
New Connection: bY_wLn90zpeSSsYfAADc
New Connection: r9i_d-mft858c3TLAADd
New Connection: 2ujJHBGsNQYdRWZeAADe
New Connection: s_kqfPa0xK4A3wmPAADf
New Connection: ARrWz0eMx_53oeI8AADg
New Connection: D1qDLGHR3R3s68beAADh
New Connection: QO1EqSD0DoDyVq1iAADi
New Connection: zAzHorhUFhSIPDVXAADj
New Connection: 7CdzjHUGYoCH_IrQAADk
New Connection: pG2PetcU88QeJL5xAADl
New Connection: Be5hxOWHeookNWysAADm
New Connection: zhb4Pz0z4n7C4pNVAADn
New Connection: oWNUVDST3bwsdDbzAADo
New Connection: dsJGDdTBk_4WSXH0AADp
New Connection: Nf5tWq18MPjSpyjPAADq
New Connection: CFgNEVAhDQv4sgVFAADr
New Connection: pIx7v1f18S6F-eRPAADs
New Connection: tCFpKuYQLjW_J2_FAADt
New Connection: Ax7PohJz4Ik1qxocAADu
New Connection: YVZF1ui6tsbW313uAADv
New Connection: ZQ2tTuIYzKXPQsa0AADw
New Connection: Dqkv_twNZUQtYQoTAADx
New Connection: SvA9C0h6v_XP1GoUAADy
New Connection: 5T4Bc2hiP09pbLKdAADz
New Connection: oy1BFOvZe_y-fDpAAAD0
New Connection: lfIpmYC1BNXXKM0TAAD1
New Connection: ee21oLJqahuyNndTAAD2
New Connection: Ebe5-DI1WVX20kjnAAD3
New Connection: zUMH9CzxmvV3rCSIAAD4
New Connection: OnmDmaV1Oxfv9CbmAAD5
New Connection: 9fewyJY5ehWqNIEcAAD6
New Connection: C8VitZvOCPTOoWoGAAD7
New Connection: sdyZ-bJAnoS9_hVBAAD8
New Connection: ehzAoGdPV8Z7KrMNAAD9
New Connection: L0yQuQPPqP3-7sYkAAD-
New Connection: _j_s48uOp4tswWWCAAD_
New Connection: qgtLQhzicDaz-8iKAAEA
New Connection: jmGKCD-wjjRAN2BsAAEB
New Connection: q3rdweIWVXASfzpcAAEC
New Connection: Q4PXpSk4P7GDbLOGAAED
New Connection: mYPXQeOUdTIeqEmMAAEE
New Connection: itZ01cwIFg1u35dKAAEF
New Connection: SjipVzNJNxPOhvQ_AAEG
New Connection: utKy0M4iFn-MppHQAAEH
New Connection: ueA5jVETgeS8nDzRAAEI
New Connection: YQKvO_NOgaw664XhAAEJ
New Connection: BOLO7Qb4rpKOf60lAAEK
New Connection: 1Y6Zmlr7VcL-AirFAAEL
New Connection: ZhX9aWirn9KvVYhJAAEM
New Connection: JbHDjXq5nQv-rPZQAAEN
New Connection: hvOEOTwMyclzctNGAAEO
New Connection: aVFr5zPpVGdVUz54AAEP
New Connection: c_tI9U860vCn9OtkAAEQ
New Connection: QypO_YcwZeAldUWgAAER
New Connection: 6DAqz9oANEDvmKfFAAES
New Connection: qbdPQh3sEpgHBDNLAAET
New Connection: pigEl9eFuyUY74YmAAEU
New Connection: S5zt9foht1I75KhVAAEV
New Connection: BSGzrwdWtENCFZSGAAEW
New Connection: fzGE84hXIwu32vFbAAEX
New Connection: topFhhfyr4KcTUM0AAEY
New Connection: jc27s-EDl_GJ9s1GAAEZ
New Connection: dJi3G4fxmeiqZaS3AAEa
New Connection: SuLO-4rKKrmuytwqAAEb
New Connection: _RLg7n1q7SxLzFfxAAEc
New Connection: joDUBpmtnK2iDbJMAAEd
New Connection: BwUemFkzY1-kyxRrAAEe
New Connection: tNAzKE-0KhLOCWL5AAEf
New Connection: NamC1ZGaCy3oBeRmAAEg
New Connection: clBMwJfpK5sPqlslAAEh
New Connection: 8GTmsxnbBXNAUDKtAAEi
New Connection: yiUVRZCta1ODXvOxAAEj
New Connection: TTyfcvrvETd74uGhAAEk
New Connection: 3G-VPCiinz8SK83YAAEl
New Connection: RJaRH6Vn9ivkxRqkAAEm
New Connection: STBcHpw9ic7VSxjAAAEn
New Connection: 4ak2Q9KFmyW1zYR_AAEo
New Connection: 3D6gN1pQ4s-FKGJMAAEp
New Connection: FOKTsjjPHXuUqx_2AAEq
New Connection: PDryjNbZvatsWKaTAAEr
New Connection: lFtwJBIb7GAXAr30AAEs
New Connection: PZy7-ca_9BH9gwLmAAEt
New Connection: fK6fLDG72h7vg3OfAAEu
New Connection: 63gaD-hSkFnYdoIzAAEv
New Connection: hfFcRjjGNslAdpO9AAEw
New Connection: mOzFiSq8oTC24JTvAAEx
New Connection: NaQWeMt8BoYruyRKAAEy
New Connection: 9d5R5-E064hpqIS3AAEz
New Connection: ykK2QZs7uEq9ufwxAAE0
New Connection: zVVV5iaNZm6zALA_AAE1
New Connection: 1jMwDCB8UM1idGnaAAE2
New Connection: pppfikijfaEyIRTPAAE3
New Connection: bOy2g56aQ3HAee5qAAE4
New Connection: 8hgJGQNkfURLzOvCAAE5
New Connection: iixuaazj3e79sqzJAAE6
New Connection: 5IQu-Br0WVsufNkNAAE7
New Connection: d_d_HIcW53E7pAwoAAE8
New Connection: ErC7QCAcov68MGALAAE9
New Connection: pNxgNkSyXphO9KOkAAE-
New Connection: S3BcsDTzZ5MgVjLZAAE_
New Connection: wp1xhLckfcCG2ZTCAAFA
New Connection: 6MNMulSttpYWrJ0sAAFB
New Connection: PQRN25yYyBK3m0exAAFC
New Connection: IWQ6tdAGDQ59t3ysAAFD
New Connection: LauBg5xs3Wn_pU6lAAFE
New Connection: bugbFQbbj3zMuf5JAAFF
New Connection: HGAumIc6ieZILRCcAAFG
New Connection: UIwxqidTZrh2mPMJAAFH
New Connection: OiUQFzLVG_6ADtH8AAFI
New Connection: w_JHX0zgFY4dN7aaAAFJ
New Connection: cMJgZcLesKORSLiYAAFK
New Connection: Pv0Os_K-Knhn-jDrAAFL
New Connection: FsuZkS-cD-rh04OEAAFM
New Connection: zme7XxR5_4XReF-tAAFN
New Connection: dUhyuxQ709OtkVpgAAFO
New Connection: TMQ0Hab2BhxMyWBLAAFP
New Connection: CBQHlpoPC2p6KYmuAAFQ
New Connection: vow9SMZLGRYicmBqAAFR
New Connection: 2tiQguNnmzQ0vVWPAAFS
New Connection: _U9u2ICl6BbjZh23AAFT
New Connection: uy8vcsgRfzWXmPwGAAFU
New Connection: RokiE5WS6LdeWZMvAAFV
New Connection: SJC1kd5uvciM_Oe-AAFW
New Connection: eJwNJLhJrkAGpCZ5AAFX
New Connection: MMVkQ9d2L5fXqtIcAAFY
New Connection: aK9RfRP51Q1cF_TwAAFZ
New Connection: 65HGnSCx5YDL6g1XAAFa
New Connection: zxHMwJktqXkGpB8OAAFb
New Connection: o0au9J2OPbPUfHXdAAAA
New Connection: w8YEXnQ4PRAtIYEjAAAB
New Connection: sdH60PkJ2aKlXqljAAAC
New Connection: 4031hdCc_9Ec5IpZAAAD
New Connection: VcUsAVXk9NFx2MurAAAE
New Connection: 8dpcRsHlp4v_dKjVAAAF
New Connection: Hwmj1z-SYnrfFNwtAAAG
New Connection: DxMbqvL7YLFBjIA1AAAH
New Connection: EouLiEBTecrwMIWoAAAI
New Connection: 9vilCIG5Mm-RVVhHAAAJ
New Connection: 4wwjE4IYHndwwX6LAAAK
New Connection: 3oOaT-3o3PK_N5CPAAAL
New Connection: UpwvfxdL4mkzGYhrAAAM
New Connection: cZ0fuAjCWghm0M8iAAAN
New Connection: XTJ3JP0WsGmEZlV7AAAO
New Connection: LS_QC5e5bHsOqznpAAAP
New Connection: 86MvnVJsljqyZvBQAAAQ
New Connection: IFMrIs0_NbB11GaLAAAR
New Connection: rzThRpit1Kk1kdX5AAAS
New Connection: yO8HbtbBZ6SaanCCAAAT
New Connection: PTNucO0a2tNmwSXQAAAU
New Connection: LEDqBsyWJ5GMe0ESAAAV
New Connection: 6E7FmuAhDbN1C-fXAAAW
New Connection: lZm4oZWv8tlSgTFNAAAX
New Connection: Ijln9jQYnciL-xzcAAAY
New Connection: 9OPd7rJTr4MH6qvGAAAZ
New Connection: tyEToZw6llAPu3W2AAAa
New Connection: 9JPswkxY7uiPWywsAAAb
New Connection: Jhnzj6v8qZWAyZiuAAAc
New Connection: _OaNogyS3DGtTVTmAAAd
New Connection: -ims7SnzySitk3-TAAAe
New Connection: 21qC7EnnyRkFNX_eAAAf
New Connection: LnHj1oFnLeEF6hcnAAAg
New Connection: w4ZWWm12s47r-IB6AAAh
New Connection: MuWBDEjtOd-hEMzyAAAi
New Connection: sdNXebgEPab_yZrPAAAj
New Connection: szvOvPt1RYLsNM6oAAAk
New Connection: 5cE9qsMvwX8hSOCVAAAl
New Connection: Y_5zdctbrUjsLwsNAAAm
New Connection: b3CgjvGptKYhL66NAAAn
New Connection: ILeyHBy2waQZLy8IAAAo
New Connection: xZihOMZEtj4H-mkXAAAp
New Connection: g9amoHjDJbuTNy0DAAAq
New Connection: iI0M41oVPlgJIDd5AAAr
New Connection: a4x2CKxvknykfaokAAAs
New Connection: 6J1wuelUaJBdEsSpAAAt
New Connection: p8_aDPYfJcFThdgRAAAu
New Connection: tyTvmz39xdxdPC3FAAAv
New Connection: gNJTrFYJEZ6AwPHKAAAw
New Connection: m6hzpgiJ6xTSBe81AAAx
New Connection: ZHEdDFcB5Z-ouXr5AAAy
New Connection: cvPP59--YyPkm-6TAAAz
New Connection: Ta5RVEW8Gq648_0oAAA0
New Connection: CULbGYkde2fYAwaFAAA1
New Connection: WtUc1MhXLKIrfIctAAA2
New Connection: f5QmBFDEttgXHV6tAAA3
New Connection: avoNIs_UaUL6GcJGAAA4
New Connection: MjGv8d8SA7hfB6sDAAA5
New Connection: jNUoz5o8ti_l5wYjAAA6
New Connection: n3y0xjJFZd9_Ehz9AAA7
New Connection: p_PZH9p6qrNB05eoAAA8
New Connection: 7YSk8zm2BAbKytC-AAA9
New Connection: ip9d-Loxy_V6gIU7AAA-
New Connection: 4t5VtvzmQMVLrFVCAAA_
New Connection: zEjnLVsebqOuygltAABA
New Connection: ByDITz_Fldnp-wxgAABB
New Connection: pesM_UT_cEBghqXSAABC
New Connection: JYYh0Kgnc6m5rRfcAABD
New Connection: yI9WT4jb3cuLEbmZAABE
New Connection: RSTTVtxm9d41ruM_AABF
New Connection: RCyZYfdJ55TnncykAABG
New Connection: d8HXidCL3s7zBCDuAABH
New Connection: zLzeR4vTNxWQNXW0AABI
New Connection: 96QtqtM5e4UvWPUlAABJ
New Connection: 2FsXaXLEGOX87SN2AABK
New Connection: mPTo2CGmO433GUNOAABL
New Connection: njzr6Fl65_8kcggwAABM
New Connection: CtN41HweYIrvpOByAABN
New Connection: R_8pCIfxahwnkvXQAABO
New Connection: xjJE8BR_e015RVxhAABP
New Connection: E8rOCSiUzLx6QhzKAABQ
New Connection: xiwdlj6FcXAp31ygAABR
New Connection: 1UFDeYsNsQ1QFxOOAABS
New Connection: 7eu85GNwg5OFnZAQAABT
New Connection: fYLcllLWQvefpOVlAABU
New Connection: stU6BxFkTS-Y4AgrAABV
New Connection: wAEl2NG_DUp5yV-iAABW
New Connection: GaGhWWjfN3_DiOtvAABX
New Connection: RlMytD0RhmB9vL25AABY
New Connection: OWQDaut6Isbc9IhtAABZ
New Connection: evuj85QJC9MwGeZ3AABa
New Connection: jGtDp-1Bi47WeNGvAABb
New Connection: MmU_9OEVj4ydY28kAABc
New Connection: PzZgQqWS98M5DuTSAABd
New Connection: fmBj-_fYuek7ALdKAABe
New Connection: Cy96CWyqSA0VxeoGAABf
New Connection: 9vq2WACismPpFN4bAABg
New Connection: Wwr5RYjMAnLpXqFkAABh
New Connection: FAVLQu3IDnzNfeWkAABi
New Connection: O1IRYZclCyfwsDZeAABj
New Connection: V84De4F0cDHbGf1kAABk
New Connection: ESQWbp0Gla6kNjj0AABl
New Connection: NJRVA5SmCVjV22x7AABm
New Connection: ReQSGlGlBUvOnJW9AABn
New Connection: 5HdoKjVQG2K92Xt5AABo
New Connection: 2m_k2Bw84skpefB-AABp
New Connection: 20xZVOqI_Vukv17AAABq
New Connection: 3CzEvVZbvgVkWn_BAABr
New Connection: y8ifL1-DTPstJaBdAABs
New Connection: QokCcqdSBekUAMw9AABt
New Connection: OTzIb1qT9fzD8FvcAABu
New Connection: _DSLv70aOQEzAnp5AABv
New Connection: 2vEOAzGwL2_ih0MIAABw
New Connection: 6aaeItrAS9LrMZWFAABx
New Connection: Y6n8uOjycuoPX--2AABy
New Connection: 4RpRC575WlYIZMzyAABz
New Connection: Z4tOXWHf9D-bXYH5AAB0
New Connection: 5qUuA61GwwXVjgVGAAB1
New Connection: ySKskTlgmHNjpHQOAAB2
New Connection: -_AttmVHAyAJ6f3MAAB3
New Connection: 6yBqhTsWueockDy5AAB4
New Connection: xREdFOofey8bDmlFAAB5
New Connection: ztmh-phEImzXiBztAAB6
New Connection: QzW7iPZb8IiNCFKFAAB7
New Connection: VHTrMkTyHTCw7F23AAB8
New Connection: ZBJSmM1CuEmKQmBXAAB9
New Connection: _BxvkFgSEwVoJ139AAB-
New Connection: 7byzOUH77K1EHV2EAAB_
New Connection: fXmhretL5t2FrrDtAACA
New Connection: NPRLNl1q8ocN1tHKAACB
New Connection: MW7jpgG3HjzHQ9xBAACC
New Connection: ePRqhms3ZVmiV9TlAACD
New Connection: OnSxMwcURpWvAKtDAACE
New Connection: k3N_FjZWESrSjqIiAACF
New Connection: 33JYs2Hac7TcrtWwAACG
New Connection: ANpK4iNIKGZxDSSnAACH
New Connection: E-eaPlpm4R-LKhTZAACI
New Connection: 3q0C4_NESLXAzhXAAACJ
New Connection: 9OjWm-4x337MeUqBAACK
New Connection: kTw5L6WHGdi8WsGTAACL
New Connection: AB1OZvxz6mvlKGq6AACM
New Connection: 10RYtbxqrgWolpV0AACN
New Connection: nSgFeUCL20a4DYG_AACO
New Connection: faqJZNktUAmIcWjQAACP
New Connection: wQQMGf9mxFxeaft6AACQ
New Connection: CN-hPxCTymJWvUysAACR
New Connection: qzdWTVgKf8z88VPAAACS
New Connection: 8t5-r4QjcNLZzYvPAACT
New Connection: BwLG1VrPYAEnmRFLAACU
New Connection: v8jHo0XEpUIBD0ZJAACV
New Connection: gfgX655HM2J791tQAACW
New Connection: me4mItw-6NpiJ9c2AACX
New Connection: nFX1y30o3_dGOeEgAACY
New Connection: xlV2HuaiWi1S4mzmAACZ
New Connection: cYer6rZoXmKEoCLYAACa
New Connection: JCxUs2L9R2DtpEZxAACb
New Connection: 6ruJbnkxAsZdZe9GAACc
New Connection: oXJGyi64p4H4R5CFAACd
New Connection: qTQMp3Ey5MFr3CSFAACe
New Connection: 7O_kpnoJBEjZYyp_AACf
New Connection: Jl_YTNDtG9jEFRxcAACg
New Connection: sX2cXjbl42XlUUQaAACh
New Connection: CTWE9uVx11S1ylCQAACi
New Connection: gUGJEU-bmf-jBKw5AACj
New Connection: VkwOuxTLha-UaA9lAACk
New Connection: yhdaH0UKndjYHBVmAACl
New Connection: zul2ndN7Tvq-3Y84AACm
New Connection: YW29iJa3sF49MtpDAACn
New Connection: pgS6Xaz8DsBp1HL_AACo
New Connection: uYVdOFFRZkcngWZEAACp
New Connection: XEZTLs_MlInrnf08AACq
New Connection: PX0qrlcITWmv3Ce6AACr
New Connection: XnR0GRSoVJMo8h5iAACs
New Connection: Jg7hNlHTJ-0ArUrxAACt
