Could not open input file: /home/smbat/Рабочий
Could not open input file: /home/smbat/Рабочий
Could not open input file: /home/smbat/Рабочий
Could not open input file: /home/smbat/Рабочий
Could not open input file: /home/smbat/Рабочий
Could not open input file: /home/smbat/Рабочий
Could not open input file: /home/smbat/Рабочий
Could not open input file: /home/smbat/Рабочий
Could not open input file: /home/smbat/Рабочий
Could not open input file: /home/smbat/Рабочий
Could not open input file: /home/smbat/Рабочий
Could not open input file: /home/smbat/Рабочий
Could not open input file: /home/smbat/Рабочий
Could not open input file: /home/smbat/Рабочий
Could not open input file: /home/smbat/Рабочий
Could not open input file: /home/smbat/Рабочий
Could not open input file: $path_to_artisan/artisan
Could not open input file: $path_to_artisan/artisan
Could not open input file: $path_to_artisan/artisan
Could not open input file: $path_to_artisan/artisan
Could not open input file: $path_to_artisan/artisan
Could not open input file: $path_to_artisan/artisan
Could not open input file: $path_to_artisan/artisan
Could not open input file: $path_to_artisan/artisan
Could not open input file: /home/smbat/Рабочий
Could not open input file: /home/smbat/Рабочий
Could not open input file: /home/smbat/Рабочий
Could not open input file: /home/smbat/Рабочий
Could not open input file: /home/smbat/Рабочий
Could not open input file: /home/smbat/Рабочий
Could not open input file: /home/smbat/Рабочий
Could not open input file: /home/smbat/Рабочий
Could not open input file: /home/smbat/Рабочий
Could not open input file: /home/smbat/Рабочий
Could not open input file: /home/smbat/Рабочий
Could not open input file: /home/smbat/Рабочий
Could not open input file: /home/smbat/Рабочий
Could not open input file: /home/smbat/Рабочий
Could not open input file: /home/smbat/Рабочий
Could not open input file: /home/smbat/Рабочий
Could not open input file: /home/smbat/Рабочий
Could not open input file: /home/smbat/Рабочий
Could not open input file: /home/smbat/Рабочий
Could not open input file: /home/smbat/Рабочий
Could not open input file: /home/smbat/Рабочий
Could not open input file: /home/smbat/Рабочий
Could not open input file: /home/smbat/Рабочий
Could not open input file: /home/smbat/Рабочий
Could not open input file: /home/smbat/Рабочий
Could not open input file: /home/smbat/Рабочий
Could not open input file: /home/smbat/Рабочий
Could not open input file: /home/smbat/Рабочий
Could not open input file: /home/smbat/Рабочий
Could not open input file: /home/smbat/Рабочий
Could not open input file: /home/smbat/Рабочий
Could not open input file: /home/smbat/Рабочий
Could not open input file: /home/smbat/Рабочий
Could not open input file: /home/smbat/Рабочий
Could not open input file: /home/smbat/Рабочий
Could not open input file: /home/smbat/Рабочий
Could not open input file: /home/smbat/Рабочий
Could not open input file: /home/smbat/Рабочий
Could not open input file: /home/smbat/Рабочий
Could not open input file: /home/smbat/Рабочий
Could not open input file: /home/smbat/Рабочий
Could not open input file: /home/smbat/Рабочий
Could not open input file: /home/smbat/Рабочий
Could not open input file: /home/smbat/Рабочий
Could not open input file: /home/smbat/Рабочий
Could not open input file: /home/smbat/Рабочий
Could not open input file: /home/smbat/Рабочий
Could not open input file: /home/smbat/Рабочий
Could not open input file: /home/smbat/Рабочий
Could not open input file: /home/smbat/Рабочий
Could not open input file: /home/smbat/Рабочий
Could not open input file: /home/smbat/Рабочий
Could not open input file: /home/smbat/Рабочий
Could not open input file: /home/smbat/Рабочий
Could not open input file: /home/smbat/Рабочий
Could not open input file: /home/smbat/Рабочий
Could not open input file: /home/smbat/Рабочий
Could not open input file: /home/smbat/Рабочий
Could not open input file: /home/smbat/Рабочий
Could not open input file: /home/smbat/Рабочий
Could not open input file: /home/smbat/Рабочий-стол/chat/artisan
Could not open input file: /home/smbat/Рабочий-стол/chat/artisan
Could not open input file: /home/smbat/Рабочий-стол/chat/artisan
Could not open input file: /home/smbat/Рабочий-стол/chat/artisan
Could not open input file: /home/smbat/Рабочий
Could not open input file: /home/smbat/Рабочий
Could not open input file: /home/smbat/Рабочий
Could not open input file: /home/smbat/Рабочий
Could not open input file: /home/smbat/Рабочий
Could not open input file: /home/smbat/Рабочий
Could not open input file: /home/smbat/Рабочий
Could not open input file: /home/smbat/Рабочий
Could not open input file: /home/smbat/Рабочий
Could not open input file: /home/smbat/Рабочий
Could not open input file: /home/smbat/Рабочий
Could not open input file: /home/smbat/Рабочий
Could not open input file: /home/smbat/Рабочий
Could not open input file: /home/smbat/Рабочий
Could not open input file: /home/smbat/Рабочий
Could not open input file: /home/smbat/Рабочий
[2019-03-21 17:18:37] Processing: App\Jobs\SendEmail
[2019-03-21 17:18:41] Processed:  App\Jobs\SendEmail
Could not open input file: /home/smbat/Рабочий
Could not open input file: /home/smbat/Рабочий
Could not open input file: /home/smbat/Рабочий
Could not open input file: /home/smbat/Рабочий
Could not open input file: /home/smbat/Рабочий
Could not open input file: /home/smbat/Рабочий
Could not open input file: /home/smbat/Рабочий
Could not open input file: /home/smbat/Рабочий
[2019-03-21 17:48:53] Processing: App\Jobs\SendEmail
[2019-03-21 17:48:56] Processed:  App\Jobs\SendEmail
[2019-03-21 17:49:08] Processing: App\Jobs\SendEmail
[2019-03-21 17:49:10] Processed:  App\Jobs\SendEmail
[2019-03-21 18:06:10] Processing: App\Jobs\SendEmail
[2019-03-21 18:06:12] Processed:  App\Jobs\SendEmail
